Arguments: 
  /root/.nvm/versions/node/v18.18.0/bin/node /root/.cache/node/corepack/yarn/1.22.19/bin/yarn.js add serde_json

PATH: 
  /root/.vscode-server/cli/servers/Stable-fee1edb8d6d72a0ddff41e5f71a671c23ed924b9/server/bin/remote-cli:/root/.vscode-server/cli/servers/Stable-f1e16e1e6214d7c44d078b1f0607b2388f29d729/server/bin/remote-cli:/root/.local/share/solana/install/active_release/bin:/root/.cargo/bin:/root/.nvm/versions/node/v18.18.0/bin:/usr/local/sbin:/usr/local/bin:/usr/sbin:/usr/bin:/sbin:/bin:/usr/games:/usr/local/games:/snap/bin:/root/.foundry/bin:/usr/local/go/bin:/root/.local/bin:/root/.foundry/bin:/usr/local/go/bin:/root/go/bin:/root/.foundry/bin

Yarn version: 
  1.22.19

Node version: 
  18.18.0

Platform: 
  linux x64

Trace: 
  Error: https://registry.yarnpkg.com/serde_json: Not found
      at params.callback [as _callback] (/root/.cache/node/corepack/yarn/1.22.19/lib/cli.js:66145:18)
      at self.callback (/root/.cache/node/corepack/yarn/1.22.19/lib/cli.js:140890:22)
      at Request.emit (node:events:517:28)
      at Request.<anonymous> (/root/.cache/node/corepack/yarn/1.22.19/lib/cli.js:141862:10)
      at Request.emit (node:events:517:28)
      at IncomingMessage.<anonymous> (/root/.cache/node/corepack/yarn/1.22.19/lib/cli.js:141784:12)
      at Object.onceWrapper (node:events:631:28)
      at IncomingMessage.emit (node:events:529:35)
      at endReadableNT (node:internal/streams/readable:1368:12)
      at process.processTicksAndRejections (node:internal/process/task_queues:82:21)

npm manifest: 
  No manifest

yarn manifest: 
  No manifest

Lockfile: 
  No lockfile
